0 info it worked if it ends with ok
1 verbose cli [ 'C:\\Program Files (x86)\\nodejs\\\\node.exe',
1 verbose cli   'C:\\Program Files (x86)\\nodejs\\node_modules\\npm\\bin\\npm-cli.js',
1 verbose cli   'install',
1 verbose cli   '-g',
1 verbose cli   'grunt-sli' ]
2 info using npm@1.4.28
3 info using node@v0.10.33
4 verbose node symlink C:\Program Files (x86)\nodejs\\node.exe
5 verbose cache add [ 'grunt-sli', null ]
6 verbose cache add name=undefined spec="grunt-sli" args=["grunt-sli",null]
7 verbose parsed url { protocol: null,
7 verbose parsed url   slashes: null,
7 verbose parsed url   auth: null,
7 verbose parsed url   host: null,
7 verbose parsed url   port: null,
7 verbose parsed url   hostname: null,
7 verbose parsed url   hash: null,
7 verbose parsed url   search: null,
7 verbose parsed url   query: null,
7 verbose parsed url   pathname: 'grunt-sli',
7 verbose parsed url   path: 'grunt-sli',
7 verbose parsed url   href: 'grunt-sli' }
8 silly lockFile 5dd34586-grunt-sli grunt-sli
9 verbose lock grunt-sli C:\Users\Ola\AppData\Roaming\npm-cache\5dd34586-grunt-sli.lock
10 silly lockFile 5dd34586-grunt-sli grunt-sli
11 silly lockFile 5dd34586-grunt-sli grunt-sli
12 verbose addNamed [ 'grunt-sli', '' ]
13 verbose addNamed [ null, '*' ]
14 silly lockFile e3f52b2e-grunt-sli grunt-sli@
15 verbose lock grunt-sli@ C:\Users\Ola\AppData\Roaming\npm-cache\e3f52b2e-grunt-sli.lock
16 silly addNameRange { name: 'grunt-sli', range: '*', hasData: false }
17 verbose request where is /grunt-sli
18 verbose request registry https://registry.npmjs.org/
19 verbose request id e09e254794c9fefa
20 verbose url raw /grunt-sli
21 verbose url resolving [ 'https://registry.npmjs.org/', './grunt-sli' ]
22 verbose url resolved https://registry.npmjs.org/grunt-sli
23 verbose request where is https://registry.npmjs.org/grunt-sli
24 info trying registry request attempt 1 at 03:07:58
25 http GET https://registry.npmjs.org/grunt-sli
26 http 404 https://registry.npmjs.org/grunt-sli
27 verbose headers { date: 'Sat, 15 Nov 2014 08:07:57 GMT',
27 verbose headers   server: 'CouchDB/1.5.0 (Erlang OTP/R16B03)',
27 verbose headers   'content-type': 'application/json',
27 verbose headers   'cache-control': 'max-age=0',
27 verbose headers   'content-length': '52',
27 verbose headers   'accept-ranges': 'bytes',
27 verbose headers   via: '1.1 varnish',
27 verbose headers   age: '0',
27 verbose headers   'x-served-by': 'cache-jfk1026-JFK',
27 verbose headers   'x-cache': 'MISS',
27 verbose headers   'x-cache-hits': '0',
27 verbose headers   'x-timer': 'S1416038877.754403,VS0,VE76',
27 verbose headers   'keep-alive': 'timeout=10, max=50',
27 verbose headers   connection: 'Keep-Alive' }
28 silly registry.get cb [ 404,
28 silly registry.get   { date: 'Sat, 15 Nov 2014 08:07:57 GMT',
28 silly registry.get     server: 'CouchDB/1.5.0 (Erlang OTP/R16B03)',
28 silly registry.get     'content-type': 'application/json',
28 silly registry.get     'cache-control': 'max-age=0',
28 silly registry.get     'content-length': '52',
28 silly registry.get     'accept-ranges': 'bytes',
28 silly registry.get     via: '1.1 varnish',
28 silly registry.get     age: '0',
28 silly registry.get     'x-served-by': 'cache-jfk1026-JFK',
28 silly registry.get     'x-cache': 'MISS',
28 silly registry.get     'x-cache-hits': '0',
28 silly registry.get     'x-timer': 'S1416038877.754403,VS0,VE76',
28 silly registry.get     'keep-alive': 'timeout=10, max=50',
28 silly registry.get     connection: 'Keep-Alive' } ]
29 silly lockFile e3f52b2e-grunt-sli grunt-sli@
30 silly lockFile e3f52b2e-grunt-sli grunt-sli@
31 error 404 404 Not Found: grunt-sli
31 error 404
31 error 404 'grunt-sli' is not in the npm registry.
31 error 404 You should bug the author to publish it
31 error 404
31 error 404 Note that you can also install from a
31 error 404 tarball, folder, or http url, or git url.
32 error System Windows_NT 6.1.7601
33 error command "C:\\Program Files (x86)\\nodejs\\\\node.exe" "C:\\Program Files (x86)\\nodejs\\node_modules\\npm\\bin\\npm-cli.js" "install" "-g" "grunt-sli"
34 error cwd C:\Users\Ola\Desktop\buildit
35 error node -v v0.10.33
36 error npm -v 1.4.28
37 error code E404
38 verbose exit [ 1, true ]
